2018-04-29T20:36:01+00:00 CRITICAL Uncaught Error: Call to undefined method WC_Product_Simple::get_available_variations() in /Users/timstock/Sites/thedelhi/wp-content/plugins/woocommerce/includes/wc-template-functions.php:1217
Stack trace:
#0 /Users/timstock/Sites/thedelhi/wp-includes/class-wp-hook.php(286): woocommerce_variable_add_to_cart('')
#1 /Users/timstock/Sites/thedelhi/wp-includes/class-wp-hook.php(310): WP_Hook->apply_filters('', Array)
#2 /Users/timstock/Sites/thedelhi/wp-includes/plugin.php(453): WP_Hook->do_action(Array)
#3 /Users/timstock/Sites/thedelhi/wp-content/themes/thedelhi/woocommerce/content-product.php(49): do_action('woocommerce_var...')
#4 /Users/timstock/Sites/thedelhi/wp-includes/template.php(690): require('/Users/timstock...')
#5 /Users/timstock/Sites/thedelhi/wp-content/plugins/woocommerce/includes/wc-core-functions.php(180): load_template('/Users/timstock...', false)
#6 /Users/timstock/Sites/thedelhi/wp-content/plugins/woocommerce/includes/shortcodes/class-wc-shortcode-products.php(586): wc_get_template_part('cont

2018-04-29T20:36:47+00:00 CRITICAL Uncaught Error: Call to undefined method WC_Product_Simple::get_available_variations() in /Users/timstock/Sites/thedelhi/wp-content/plugins/woocommerce/includes/wc-template-functions.php:1217
Stack trace:
#0 /Users/timstock/Sites/thedelhi/wp-includes/class-wp-hook.php(286): woocommerce_variable_add_to_cart('')
#1 /Users/timstock/Sites/thedelhi/wp-includes/class-wp-hook.php(310): WP_Hook->apply_filters('', Array)
#2 /Users/timstock/Sites/thedelhi/wp-includes/plugin.php(453): WP_Hook->do_action(Array)
#3 /Users/timstock/Sites/thedelhi/wp-content/themes/thedelhi/woocommerce/content-product.php(49): do_action('woocommerce_var...')
#4 /Users/timstock/Sites/thedelhi/wp-includes/template.php(690): require('/Users/timstock...')
#5 /Users/timstock/Sites/thedelhi/wp-content/plugins/woocommerce/includes/wc-core-functions.php(180): load_template('/Users/timstock...', false)
#6 /Users/timstock/Sites/thedelhi/wp-content/plugins/woocommerce/includes/shortcodes/class-wc-shortcode-products.php(586): wc_get_template_part('cont

2018-04-29T20:37:43+00:00 CRITICAL Uncaught Error: Call to undefined method WC_Product_Simple::get_available_variations() in /Users/timstock/Sites/thedelhi/wp-content/plugins/woocommerce/includes/wc-template-functions.php:1217
Stack trace:
#0 /Users/timstock/Sites/thedelhi/wp-includes/class-wp-hook.php(286): woocommerce_variable_add_to_cart('')
#1 /Users/timstock/Sites/thedelhi/wp-includes/class-wp-hook.php(310): WP_Hook->apply_filters('', Array)
#2 /Users/timstock/Sites/thedelhi/wp-includes/plugin.php(453): WP_Hook->do_action(Array)
#3 /Users/timstock/Sites/thedelhi/wp-content/themes/thedelhi/woocommerce/content-product.php(49): do_action('woocommerce_var...')
#4 /Users/timstock/Sites/thedelhi/wp-includes/template.php(690): require('/Users/timstock...')
#5 /Users/timstock/Sites/thedelhi/wp-content/plugins/woocommerce/includes/wc-core-functions.php(180): load_template('/Users/timstock...', false)
#6 /Users/timstock/Sites/thedelhi/wp-content/plugins/woocommerce/includes/shortcodes/class-wc-shortcode-products.php(586): wc_get_template_part('cont

2018-04-29T20:38:01+00:00 CRITICAL Uncaught Error: Call to undefined method WC_Product_Simple::get_available_variations() in /Users/timstock/Sites/thedelhi/wp-content/plugins/woocommerce/includes/wc-template-functions.php:1217
Stack trace:
#0 /Users/timstock/Sites/thedelhi/wp-includes/class-wp-hook.php(286): woocommerce_variable_add_to_cart('')
#1 /Users/timstock/Sites/thedelhi/wp-includes/class-wp-hook.php(310): WP_Hook->apply_filters('', Array)
#2 /Users/timstock/Sites/thedelhi/wp-includes/plugin.php(453): WP_Hook->do_action(Array)
#3 /Users/timstock/Sites/thedelhi/wp-content/themes/thedelhi/woocommerce/content-product.php(49): do_action('woocommerce_var...')
#4 /Users/timstock/Sites/thedelhi/wp-includes/template.php(690): require('/Users/timstock...')
#5 /Users/timstock/Sites/thedelhi/wp-content/plugins/woocommerce/includes/wc-core-functions.php(180): load_template('/Users/timstock...', false)
#6 /Users/timstock/Sites/thedelhi/wp-content/themes/thedelhi/woocommerce/single-product/related.php(38): wc_get_template_part('content', 'product')
#

2018-04-29T20:38:18+00:00 CRITICAL Uncaught Error: Call to undefined method WC_Product_Simple::get_available_variations() in /Users/timstock/Sites/thedelhi/wp-content/plugins/woocommerce/includes/wc-template-functions.php:1217
Stack trace:
#0 /Users/timstock/Sites/thedelhi/wp-includes/class-wp-hook.php(286): woocommerce_variable_add_to_cart('')
#1 /Users/timstock/Sites/thedelhi/wp-includes/class-wp-hook.php(310): WP_Hook->apply_filters('', Array)
#2 /Users/timstock/Sites/thedelhi/wp-includes/plugin.php(453): WP_Hook->do_action(Array)
#3 /Users/timstock/Sites/thedelhi/wp-content/themes/thedelhi/woocommerce/content-product.php(49): do_action('woocommerce_var...')
#4 /Users/timstock/Sites/thedelhi/wp-includes/template.php(690): require('/Users/timstock...')
#5 /Users/timstock/Sites/thedelhi/wp-content/plugins/woocommerce/includes/wc-core-functions.php(180): load_template('/Users/timstock...', false)
#6 /Users/timstock/Sites/thedelhi/wp-content/plugins/woocommerce/includes/shortcodes/class-wc-shortcode-products.php(586): wc_get_template_part('cont

2018-04-29T20:38:21+00:00 CRITICAL Uncaught Error: Call to undefined method WC_Product_Simple::get_available_variations() in /Users/timstock/Sites/thedelhi/wp-content/plugins/woocommerce/includes/wc-template-functions.php:1217
Stack trace:
#0 /Users/timstock/Sites/thedelhi/wp-includes/class-wp-hook.php(286): woocommerce_variable_add_to_cart('')
#1 /Users/timstock/Sites/thedelhi/wp-includes/class-wp-hook.php(310): WP_Hook->apply_filters('', Array)
#2 /Users/timstock/Sites/thedelhi/wp-includes/plugin.php(453): WP_Hook->do_action(Array)
#3 /Users/timstock/Sites/thedelhi/wp-content/themes/thedelhi/woocommerce/content-product.php(49): do_action('woocommerce_var...')
#4 /Users/timstock/Sites/thedelhi/wp-includes/template.php(690): require('/Users/timstock...')
#5 /Users/timstock/Sites/thedelhi/wp-content/plugins/woocommerce/includes/wc-core-functions.php(180): load_template('/Users/timstock...', false)
#6 /Users/timstock/Sites/thedelhi/wp-content/plugins/woocommerce/includes/shortcodes/class-wc-shortcode-products.php(586): wc_get_template_part('cont

2018-04-29T20:40:14+00:00 CRITICAL Uncaught Error: Call to undefined method WC_Product_Simple::get_available_variations() in /Users/timstock/Sites/thedelhi/wp-content/plugins/woocommerce/includes/wc-template-functions.php:1217
Stack trace:
#0 /Users/timstock/Sites/thedelhi/wp-includes/class-wp-hook.php(286): woocommerce_variable_add_to_cart('')
#1 /Users/timstock/Sites/thedelhi/wp-includes/class-wp-hook.php(310): WP_Hook->apply_filters('', Array)
#2 /Users/timstock/Sites/thedelhi/wp-includes/plugin.php(453): WP_Hook->do_action(Array)
#3 /Users/timstock/Sites/thedelhi/wp-content/themes/thedelhi/woocommerce/content-product.php(49): do_action('woocommerce_var...')
#4 /Users/timstock/Sites/thedelhi/wp-includes/template.php(690): require('/Users/timstock...')
#5 /Users/timstock/Sites/thedelhi/wp-content/plugins/woocommerce/includes/wc-core-functions.php(180): load_template('/Users/timstock...', false)
#6 /Users/timstock/Sites/thedelhi/wp-content/themes/thedelhi/woocommerce/single-product/related.php(38): wc_get_template_part('content', 'product')
#

2018-04-29T20:41:38+00:00 CRITICAL Uncaught Error: Call to undefined method WC_Product_Simple::get_available_variations() in /Users/timstock/Sites/thedelhi/wp-content/plugins/woocommerce/includes/wc-template-functions.php:1217
Stack trace:
#0 /Users/timstock/Sites/thedelhi/wp-includes/class-wp-hook.php(286): woocommerce_variable_add_to_cart('')
#1 /Users/timstock/Sites/thedelhi/wp-includes/class-wp-hook.php(310): WP_Hook->apply_filters('', Array)
#2 /Users/timstock/Sites/thedelhi/wp-includes/plugin.php(453): WP_Hook->do_action(Array)
#3 /Users/timstock/Sites/thedelhi/wp-content/themes/thedelhi/woocommerce/content-product.php(49): do_action('woocommerce_var...')
#4 /Users/timstock/Sites/thedelhi/wp-includes/template.php(690): require('/Users/timstock...')
#5 /Users/timstock/Sites/thedelhi/wp-content/plugins/woocommerce/includes/wc-core-functions.php(180): load_template('/Users/timstock...', false)
#6 /Users/timstock/Sites/thedelhi/wp-content/plugins/woocommerce/includes/shortcodes/class-wc-shortcode-products.php(586): wc_get_template_part('cont

2018-04-29T20:41:48+00:00 CRITICAL Uncaught Error: Call to undefined method WC_Product_Simple::get_available_variations() in /Users/timstock/Sites/thedelhi/wp-content/plugins/woocommerce/includes/wc-template-functions.php:1217
Stack trace:
#0 /Users/timstock/Sites/thedelhi/wp-includes/class-wp-hook.php(286): woocommerce_variable_add_to_cart('')
#1 /Users/timstock/Sites/thedelhi/wp-includes/class-wp-hook.php(310): WP_Hook->apply_filters('', Array)
#2 /Users/timstock/Sites/thedelhi/wp-includes/plugin.php(453): WP_Hook->do_action(Array)
#3 /Users/timstock/Sites/thedelhi/wp-content/themes/thedelhi/woocommerce/content-product.php(49): do_action('woocommerce_var...')
#4 /Users/timstock/Sites/thedelhi/wp-includes/template.php(690): require('/Users/timstock...')
#5 /Users/timstock/Sites/thedelhi/wp-content/plugins/woocommerce/includes/wc-core-functions.php(180): load_template('/Users/timstock...', false)
#6 /Users/timstock/Sites/thedelhi/wp-content/plugins/woocommerce/includes/shortcodes/class-wc-shortcode-products.php(586): wc_get_template_part('cont

